2007.09.09 21:06 B C:\Dokumente und Einstellungen\philipp\Eigene Dateien\projekte\OpenCollab\include\plugins\block.textformat.php --> o-dyn.de /opencollab/include/plugins block.textformat.php
2007.09.09 21:06 B C:\Dokumente und Einstellungen\philipp\Eigene Dateien\projekte\OpenCollab\include\plugins\compiler.assign.php --> o-dyn.de /opencollab/include/plugins compiler.assign.php
2007.09.09 21:06 B C:\Dokumente und Einstellungen\philipp\Eigene Dateien\projekte\OpenCollab\include\plugins\function.assign_debug_info.php --> o-dyn.de /opencollab/include/plugins function.assign_debug_info.php
2007.09.09 21:06 B C:\Dokumente und Einstellungen\philipp\Eigene Dateien\projekte\OpenCollab\include\plugins\function.config_load.php --> o-dyn.de /opencollab/include/plugins function.config_load.php
2007.09.09 21:06 B C:\Dokumente und Einstellungen\philipp\Eigene Dateien\projekte\OpenCollab\include\plugins\function.counter.php --> o-dyn.de /opencollab/include/plugins function.counter.php
2007.09.09 21:06 B C:\Dokumente und Einstellungen\philipp\Eigene Dateien\projekte\OpenCollab\include\plugins\function.cycle.php --> o-dyn.de /opencollab/include/plugins function.cycle.php
2007.09.09 21:06 B C:\Dokumente und Einstellungen\philipp\Eigene Dateien\projekte\OpenCollab\include\plugins\function.debug.php --> o-dyn.de /opencollab/include/plugins function.debug.php
2007.09.09 21:06 B C:\Dokumente und Einstellungen\philipp\Eigene Dateien\projekte\OpenCollab\include\plugins\function.eval.php --> o-dyn.de /opencollab/include/plugins function.eval.php
2007.09.09 21:06 B C:\Dokumente und Einstellungen\philipp\Eigene Dateien\projekte\OpenCollab\include\plugins\function.fetch.php --> o-dyn.de /opencollab/include/plugins function.fetch.php
2007.09.09 21:06 B C:\Dokumente und Einstellungen\philipp\Eigene Dateien\projekte\OpenCollab\include\plugins\function.html_checkboxes.php --> o-dyn.de /opencollab/include/plugins function.html_checkboxes.php
2007.09.09 21:06 B C:\Dokumente und Einstellungen\philipp\Eigene Dateien\projekte\OpenCollab\include\plugins\function.html_image.php --> o-dyn.de /opencollab/include/plugins function.html_image.php
2007.09.09 21:06 B C:\Dokumente und Einstellungen\philipp\Eigene Dateien\projekte\OpenCollab\include\plugins\function.html_options.php --> o-dyn.de /opencollab/include/plugins function.html_options.php
2007.09.09 21:06 B C:\Dokumente und Einstellungen\philipp\Eigene Dateien\projekte\OpenCollab\include\plugins\function.html_radios.php --> o-dyn.de /opencollab/include/plugins function.html_radios.php
2007.09.09 21:06 B C:\Dokumente und Einstellungen\philipp\Eigene Dateien\projekte\OpenCollab\include\plugins\function.html_select_date.php --> o-dyn.de /opencollab/include/plugins function.html_select_date.php
2007.09.09 21:06 B C:\Dokumente und Einstellungen\philipp\Eigene Dateien\projekte\OpenCollab\include\plugins\function.html_select_time.php --> o-dyn.de /opencollab/include/plugins function.html_select_time.php
2007.09.09 21:06 B C:\Dokumente und Einstellungen\philipp\Eigene Dateien\projekte\OpenCollab\include\plugins\function.html_table.php --> o-dyn.de /opencollab/include/plugins function.html_table.php
2007.09.09 21:06 B C:\Dokumente und Einstellungen\philipp\Eigene Dateien\projekte\OpenCollab\include\plugins\function.mailto.php --> o-dyn.de /opencollab/include/plugins function.mailto.php
2007.09.09 21:06 B C:\Dokumente und Einstellungen\philipp\Eigene Dateien\projekte\OpenCollab\include\plugins\function.math.php --> o-dyn.de /opencollab/include/plugins function.math.php
2007.09.09 21:06 B C:\Dokumente und Einstellungen\philipp\Eigene Dateien\projekte\OpenCollab\include\plugins\function.paginate_first.php --> o-dyn.de /opencollab/include/plugins function.paginate_first.php
2007.09.09 21:06 B C:\Dokumente und Einstellungen\philipp\Eigene Dateien\projekte\OpenCollab\include\plugins\function.paginate_last.php --> o-dyn.de /opencollab/include/plugins function.paginate_last.php
2007.09.09 21:06 B C:\Dokumente und Einstellungen\philipp\Eigene Dateien\projekte\OpenCollab\include\plugins\function.paginate_middle.php --> o-dyn.de /opencollab/include/plugins function.paginate_middle.php
2007.09.09 21:06 B C:\Dokumente und Einstellungen\philipp\Eigene Dateien\projekte\OpenCollab\include\plugins\function.paginate_next.php --> o-dyn.de /opencollab/include/plugins function.paginate_next.php
2007.09.09 21:06 B C:\Dokumente und Einstellungen\philipp\Eigene Dateien\projekte\OpenCollab\include\plugins\function.paginate_prev.php --> o-dyn.de /opencollab/include/plugins function.paginate_prev.php
2007.09.09 21:06 B C:\Dokumente und Einstellungen\philipp\Eigene Dateien\projekte\OpenCollab\include\plugins\function.popup.php --> o-dyn.de /opencollab/include/plugins function.popup.php
2007.09.09 21:06 B C:\Dokumente und Einstellungen\philipp\Eigene Dateien\projekte\OpenCollab\include\plugins\function.popup_init.php --> o-dyn.de /opencollab/include/plugins function.popup_init.php
2007.09.09 21:06 B C:\Dokumente und Einstellungen\philipp\Eigene Dateien\projekte\OpenCollab\include\plugins\modifier.capitalize.php --> o-dyn.de /opencollab/include/plugins modifier.capitalize.php
2007.09.09 21:06 B C:\Dokumente und Einstellungen\philipp\Eigene Dateien\projekte\OpenCollab\include\plugins\modifier.cat.php --> o-dyn.de /opencollab/include/plugins modifier.cat.php
2007.09.09 21:06 B C:\Dokumente und Einstellungen\philipp\Eigene Dateien\projekte\OpenCollab\include\plugins\modifier.count_characters.php --> o-dyn.de /opencollab/include/plugins modifier.count_characters.php
2007.09.09 21:06 B C:\Dokumente und Einstellungen\philipp\Eigene Dateien\projekte\OpenCollab\include\plugins\modifier.count_paragraphs.php --> o-dyn.de /opencollab/include/plugins modifier.count_paragraphs.php
2007.09.09 21:06 B C:\Dokumente und Einstellungen\philipp\Eigene Dateien\projekte\OpenCollab\include\plugins\modifier.count_sentences.php --> o-dyn.de /opencollab/include/plugins modifier.count_sentences.php
2007.09.09 21:06 B C:\Dokumente und Einstellungen\philipp\Eigene Dateien\projekte\OpenCollab\include\plugins\modifier.count_words.php --> o-dyn.de /opencollab/include/plugins modifier.count_words.php
2007.09.09 21:06 B C:\Dokumente und Einstellungen\philipp\Eigene Dateien\projekte\OpenCollab\include\plugins\modifier.date_format.php --> o-dyn.de /opencollab/include/plugins modifier.date_format.php
2007.09.09 21:06 B C:\Dokumente und Einstellungen\philipp\Eigene Dateien\projekte\OpenCollab\include\plugins\modifier.debug_print_var.php --> o-dyn.de /opencollab/include/plugins modifier.debug_print_var.php
2007.09.09 21:06 B C:\Dokumente und Einstellungen\philipp\Eigene Dateien\projekte\OpenCollab\include\plugins\modifier.default.php --> o-dyn.de /opencollab/include/plugins modifier.default.php
2007.09.09 21:06 B C:\Dokumente und Einstellungen\philipp\Eigene Dateien\projekte\OpenCollab\include\plugins\modifier.escape.php --> o-dyn.de /opencollab/include/plugins modifier.escape.php
2007.09.09 21:06 B C:\Dokumente und Einstellungen\philipp\Eigene Dateien\projekte\OpenCollab\include\plugins\modifier.indent.php --> o-dyn.de /opencollab/include/plugins modifier.indent.php
2007.09.09 21:06 B C:\Dokumente und Einstellungen\philipp\Eigene Dateien\projekte\OpenCollab\include\plugins\modifier.lower.php --> o-dyn.de /opencollab/include/plugins modifier.lower.php
2007.09.09 21:06 B C:\Dokumente und Einstellungen\philipp\Eigene Dateien\projekte\OpenCollab\include\plugins\modifier.nl2br.php --> o-dyn.de /opencollab/include/plugins modifier.nl2br.php
2007.09.09 21:06 B C:\Dokumente und Einstellungen\philipp\Eigene Dateien\projekte\OpenCollab\include\plugins\modifier.regex_replace.php --> o-dyn.de /opencollab/include/plugins modifier.regex_replace.php
2007.09.09 21:06 B C:\Dokumente und Einstellungen\philipp\Eigene Dateien\projekte\OpenCollab\include\plugins\modifier.replace.php --> o-dyn.de /opencollab/include/plugins modifier.replace.php
2007.09.09 21:06 B C:\Dokumente und Einstellungen\philipp\Eigene Dateien\projekte\OpenCollab\include\plugins\modifier.spacify.php --> o-dyn.de /opencollab/include/plugins modifier.spacify.php
2007.09.09 21:06 B C:\Dokumente und Einstellungen\philipp\Eigene Dateien\projekte\OpenCollab\include\plugins\modifier.string_format.php --> o-dyn.de /opencollab/include/plugins modifier.string_format.php
2007.09.09 21:06 B C:\Dokumente und Einstellungen\philipp\Eigene Dateien\projekte\OpenCollab\include\plugins\modifier.strip.php --> o-dyn.de /opencollab/include/plugins modifier.strip.php
2007.09.09 21:06 B C:\Dokumente und Einstellungen\philipp\Eigene Dateien\projekte\OpenCollab\include\plugins\modifier.strip_tags.php --> o-dyn.de /opencollab/include/plugins modifier.strip_tags.php
2007.09.09 21:06 B C:\Dokumente und Einstellungen\philipp\Eigene Dateien\projekte\OpenCollab\include\plugins\modifier.truncate.php --> o-dyn.de /opencollab/include/plugins modifier.truncate.php
2007.09.09 21:06 B C:\Dokumente und Einstellungen\philipp\Eigene Dateien\projekte\OpenCollab\include\plugins\modifier.upper.php --> o-dyn.de /opencollab/include/plugins modifier.upper.php
2007.09.09 21:06 B C:\Dokumente und Einstellungen\philipp\Eigene Dateien\projekte\OpenCollab\include\plugins\modifier.wordwrap.php --> o-dyn.de /opencollab/include/plugins modifier.wordwrap.php
2007.09.09 21:06 B C:\Dokumente und Einstellungen\philipp\Eigene Dateien\projekte\OpenCollab\include\plugins\outputfilter.trimwhitespace.php --> o-dyn.de /opencollab/include/plugins outputfilter.trimwhitespace.php
2007.09.09 21:06 B C:\Dokumente und Einstellungen\philipp\Eigene Dateien\projekte\OpenCollab\include\plugins\shared.escape_special_chars.php --> o-dyn.de /opencollab/include/plugins shared.escape_special_chars.php
2007.09.09 21:06 B C:\Dokumente und Einstellungen\philipp\Eigene Dateien\projekte\OpenCollab\include\plugins\shared.make_timestamp.php --> o-dyn.de /opencollab/include/plugins shared.make_timestamp.php
2007.09.28 00:57 B C:\Dokumente und Einstellungen\philipp\Eigene Dateien\projekte\OpenCollab\include\plugins\function.paginate_prev.php --> o-dyn.de /opencollab/include/plugins function.paginate_prev.php
2007.09.28 00:57 B C:\Dokumente und Einstellungen\philipp\Eigene Dateien\projekte\OpenCollab\include\plugins\function.paginate_next.php --> o-dyn.de /opencollab/include/plugins function.paginate_next.php
2007.09.28 00:57 B C:\Dokumente und Einstellungen\philipp\Eigene Dateien\projekte\OpenCollab\include\plugins\function.paginate_middle.php --> o-dyn.de /opencollab/include/plugins function.paginate_middle.php
2007.09.28 00:57 B C:\Dokumente und Einstellungen\philipp\Eigene Dateien\projekte\OpenCollab\include\plugins\function.paginate_last.php --> o-dyn.de /opencollab/include/plugins function.paginate_last.php
2007.09.28 00:57 B C:\Dokumente und Einstellungen\philipp\Eigene Dateien\projekte\OpenCollab\include\plugins\function.paginate_first.php --> o-dyn.de /opencollab/include/plugins function.paginate_first.php
2007.09.28 00:57 B C:\Dokumente und Einstellungen\philipp\Eigene Dateien\projekte\OpenCollab\include\plugins\function.html_select_date.php --> o-dyn.de /opencollab/include/plugins function.html_select_date.php
2007.09.28 00:57 B C:\Dokumente und Einstellungen\philipp\Eigene Dateien\projekte\OpenCollab\include\plugins\modifier.date_format.php --> o-dyn.de /opencollab/include/plugins modifier.date_format.php
2007.09.28 00:57 B C:\Dokumente und Einstellungen\philipp\Eigene Dateien\projekte\OpenCollab\include\plugins\modifier.truncate.php --> o-dyn.de /opencollab/include/plugins modifier.truncate.php
2007.09.28 00:57 B C:\Dokumente und Einstellungen\philipp\Eigene Dateien\projekte\OpenCollab\include\plugins\outputfilter.trimwhitespace.php --> o-dyn.de /opencollab/include/plugins outputfilter.trimwhitespace.php
2007.09.28 00:57 B C:\Dokumente und Einstellungen\philipp\Eigene Dateien\projekte\OpenCollab\include\plugins\modifier.debug_print_var.php --> o-dyn.de /opencollab/include/plugins modifier.debug_print_var.php
2007.09.28 00:57 B C:\Dokumente und Einstellungen\philipp\Eigene Dateien\projekte\OpenCollab\include\plugins\function.html_table.php --> o-dyn.de /opencollab/include/plugins function.html_table.php
2007.09.28 00:57 B C:\Dokumente und Einstellungen\philipp\Eigene Dateien\projekte\OpenCollab\include\plugins\function.mailto.php --> o-dyn.de /opencollab/include/plugins function.mailto.php
2007.09.28 00:57 B C:\Dokumente und Einstellungen\philipp\Eigene Dateien\projekte\OpenCollab\include\plugins\modifier.capitalize.php --> o-dyn.de /opencollab/include/plugins modifier.capitalize.php
2007.09.28 00:57 B C:\Dokumente und Einstellungen\philipp\Eigene Dateien\projekte\OpenCollab\include\plugins\function.popup_init.php --> o-dyn.de /opencollab/include/plugins function.popup_init.php
2007.09.28 00:57 B C:\Dokumente und Einstellungen\philipp\Eigene Dateien\projekte\OpenCollab\include\plugins\modifier.regex_replace.php --> o-dyn.de /opencollab/include/plugins modifier.regex_replace.php
2007.09.28 00:57 B C:\Dokumente und Einstellungen\philipp\Eigene Dateien\projekte\OpenCollab\include\plugins\function.math.php --> o-dyn.de /opencollab/include/plugins function.math.php
2007.09.28 00:57 B C:\Dokumente und Einstellungen\philipp\Eigene Dateien\projekte\OpenCollab\include\plugins\function.config_load.php --> o-dyn.de /opencollab/include/plugins function.config_load.php
2007.09.28 00:57 B C:\Dokumente und Einstellungen\philipp\Eigene Dateien\projekte\OpenCollab\include\plugins\compiler.assign.php --> o-dyn.de /opencollab/include/plugins compiler.assign.php
2007.09.28 00:57 B C:\Dokumente und Einstellungen\philipp\Eigene Dateien\projekte\OpenCollab\include\plugins\function.popup.php --> o-dyn.de /opencollab/include/plugins function.popup.php
2007.09.28 00:57 B C:\Dokumente und Einstellungen\philipp\Eigene Dateien\projekte\OpenCollab\include\plugins\modifier.escape.php --> o-dyn.de /opencollab/include/plugins modifier.escape.php
2007.09.28 00:57 B C:\Dokumente und Einstellungen\philipp\Eigene Dateien\projekte\OpenCollab\include\plugins\shared.make_timestamp.php --> o-dyn.de /opencollab/include/plugins shared.make_timestamp.php
2007.09.28 00:57 B C:\Dokumente und Einstellungen\philipp\Eigene Dateien\projekte\OpenCollab\include\plugins\shared.escape_special_chars.php --> o-dyn.de /opencollab/include/plugins shared.escape_special_chars.php
2007.09.28 00:57 B C:\Dokumente und Einstellungen\philipp\Eigene Dateien\projekte\OpenCollab\include\plugins\modifier.wordwrap.php --> o-dyn.de /opencollab/include/plugins modifier.wordwrap.php
2007.09.28 00:57 B C:\Dokumente und Einstellungen\philipp\Eigene Dateien\projekte\OpenCollab\include\plugins\modifier.upper.php --> o-dyn.de /opencollab/include/plugins modifier.upper.php
2007.09.28 00:57 B C:\Dokumente und Einstellungen\philipp\Eigene Dateien\projekte\OpenCollab\include\plugins\modifier.strip_tags.php --> o-dyn.de /opencollab/include/plugins modifier.strip_tags.php
2007.09.28 00:57 B C:\Dokumente und Einstellungen\philipp\Eigene Dateien\projekte\OpenCollab\include\plugins\modifier.string_format.php --> o-dyn.de /opencollab/include/plugins modifier.string_format.php
2007.09.28 00:57 B C:\Dokumente und Einstellungen\philipp\Eigene Dateien\projekte\OpenCollab\include\plugins\modifier.spacify.php --> o-dyn.de /opencollab/include/plugins modifier.spacify.php
2007.09.28 00:57 B C:\Dokumente und Einstellungen\philipp\Eigene Dateien\projekte\OpenCollab\include\plugins\modifier.replace.php --> o-dyn.de /opencollab/include/plugins modifier.replace.php
2007.09.28 00:57 B C:\Dokumente und Einstellungen\philipp\Eigene Dateien\projekte\OpenCollab\include\plugins\modifier.lower.php --> o-dyn.de /opencollab/include/plugins modifier.lower.php
2007.09.28 00:57 B C:\Dokumente und Einstellungen\philipp\Eigene Dateien\projekte\OpenCollab\include\plugins\modifier.indent.php --> o-dyn.de /opencollab/include/plugins modifier.indent.php
2007.09.28 00:57 B C:\Dokumente und Einstellungen\philipp\Eigene Dateien\projekte\OpenCollab\include\plugins\modifier.default.php --> o-dyn.de /opencollab/include/plugins modifier.default.php
2007.09.28 00:57 B C:\Dokumente und Einstellungen\philipp\Eigene Dateien\projekte\OpenCollab\include\plugins\modifier.count_words.php --> o-dyn.de /opencollab/include/plugins modifier.count_words.php
2007.09.28 00:57 B C:\Dokumente und Einstellungen\philipp\Eigene Dateien\projekte\OpenCollab\include\plugins\modifier.count_sentences.php --> o-dyn.de /opencollab/include/plugins modifier.count_sentences.php
2007.09.28 00:57 B C:\Dokumente und Einstellungen\philipp\Eigene Dateien\projekte\OpenCollab\include\plugins\modifier.count_paragraphs.php --> o-dyn.de /opencollab/include/plugins modifier.count_paragraphs.php
2007.09.28 00:57 B C:\Dokumente und Einstellungen\philipp\Eigene Dateien\projekte\OpenCollab\include\plugins\modifier.count_characters.php --> o-dyn.de /opencollab/include/plugins modifier.count_characters.php
2007.09.28 00:57 B C:\Dokumente und Einstellungen\philipp\Eigene Dateien\projekte\OpenCollab\include\plugins\function.html_select_time.php --> o-dyn.de /opencollab/include/plugins function.html_select_time.php
2007.09.28 00:57 B C:\Dokumente und Einstellungen\philipp\Eigene Dateien\projekte\OpenCollab\include\plugins\function.html_options.php --> o-dyn.de /opencollab/include/plugins function.html_options.php
2007.09.28 00:57 B C:\Dokumente und Einstellungen\philipp\Eigene Dateien\projekte\OpenCollab\include\plugins\function.fetch.php --> o-dyn.de /opencollab/include/plugins function.fetch.php
2007.09.28 00:57 B C:\Dokumente und Einstellungen\philipp\Eigene Dateien\projekte\OpenCollab\include\plugins\function.eval.php --> o-dyn.de /opencollab/include/plugins function.eval.php
2007.09.28 00:57 B C:\Dokumente und Einstellungen\philipp\Eigene Dateien\projekte\OpenCollab\include\plugins\function.counter.php --> o-dyn.de /opencollab/include/plugins function.counter.php
2007.09.28 00:57 B C:\Dokumente und Einstellungen\philipp\Eigene Dateien\projekte\OpenCollab\include\plugins\function.assign_debug_info.php --> o-dyn.de /opencollab/include/plugins function.assign_debug_info.php
2007.09.28 00:57 B C:\Dokumente und Einstellungen\philipp\Eigene Dateien\projekte\OpenCollab\include\plugins\block.textformat.php --> o-dyn.de /opencollab/include/plugins block.textformat.php
2007.09.28 00:57 B C:\Dokumente und Einstellungen\philipp\Eigene Dateien\projekte\OpenCollab\include\plugins\function.html_image.php --> o-dyn.de /opencollab/include/plugins function.html_image.php
2007.09.28 00:57 B C:\Dokumente und Einstellungen\philipp\Eigene Dateien\projekte\OpenCollab\include\plugins\function.html_radios.php --> o-dyn.de /opencollab/include/plugins function.html_radios.php
2007.09.28 00:57 B C:\Dokumente und Einstellungen\philipp\Eigene Dateien\projekte\OpenCollab\include\plugins\modifier.strip.php --> o-dyn.de /opencollab/include/plugins modifier.strip.php
2007.09.28 00:57 B C:\Dokumente und Einstellungen\philipp\Eigene Dateien\projekte\OpenCollab\include\plugins\modifier.nl2br.php --> o-dyn.de /opencollab/include/plugins modifier.nl2br.php
2007.09.28 00:57 B C:\Dokumente und Einstellungen\philipp\Eigene Dateien\projekte\OpenCollab\include\plugins\modifier.cat.php --> o-dyn.de /opencollab/include/plugins modifier.cat.php
2007.09.28 00:57 B C:\Dokumente und Einstellungen\philipp\Eigene Dateien\projekte\OpenCollab\include\plugins\function.html_checkboxes.php --> o-dyn.de /opencollab/include/plugins function.html_checkboxes.php
2007.09.28 00:57 B C:\Dokumente und Einstellungen\philipp\Eigene Dateien\projekte\OpenCollab\include\plugins\function.debug.php --> o-dyn.de /opencollab/include/plugins function.debug.php
2007.09.28 00:57 B C:\Dokumente und Einstellungen\philipp\Eigene Dateien\projekte\OpenCollab\include\plugins\function.cycle.php --> o-dyn.de /opencollab/include/plugins function.cycle.php
2007.10.22 17:59 B C:\Dokumente und Einstellungen\philipp\Eigene Dateien\projekte\OpenCollab\include\plugins\function.paginate_prev.php --> o-dyn.de /opencollab/include/plugins function.paginate_prev.php
2007.10.22 18:00 B C:\Dokumente und Einstellungen\philipp\Eigene Dateien\projekte\OpenCollab\include\plugins\function.paginate_prev.php --> o-dyn.de /opencollab/include/plugins function.paginate_prev.php
2007.10.22 18:00 B C:\Dokumente und Einstellungen\philipp\Eigene Dateien\projekte\OpenCollab\include\plugins\function.paginate_prev.php --> o-dyn.de /opencollab/include/plugins function.paginate_prev.php
2007.10.22 18:01 B C:\Dokumente und Einstellungen\philipp\Eigene Dateien\projekte\OpenCollab\include\plugins\function.paginate_prev.php --> o-dyn.de /opencollab/include/plugins function.paginate_prev.php
2007.10.22 18:02 B C:\Dokumente und Einstellungen\philipp\Eigene Dateien\projekte\OpenCollab\include\plugins\function.paginate_prev.php --> o-dyn.de /opencollab/include/plugins function.paginate_prev.php
2007.10.22 18:05 B C:\Dokumente und Einstellungen\philipp\Eigene Dateien\projekte\OpenCollab\include\plugins\function.paginate_prev.php --> o-dyn.de /opencollab/include/plugins function.paginate_prev.php
2007.10.22 18:05 B C:\Dokumente und Einstellungen\philipp\Eigene Dateien\projekte\OpenCollab\include\plugins\function.paginate_prev.php --> o-dyn.de /opencollab/include/plugins function.paginate_prev.php
2007.10.22 18:05 B C:\Dokumente und Einstellungen\philipp\Eigene Dateien\projekte\OpenCollab\include\plugins\function.paginate_prev.php --> o-dyn.de /opencollab/include/plugins function.paginate_prev.php
2007.10.22 18:06 B C:\Dokumente und Einstellungen\philipp\Eigene Dateien\projekte\OpenCollab\include\plugins\function.paginate_prev.php --> o-dyn.de /opencollab/include/plugins function.paginate_prev.php
2007.10.22 18:07 B C:\Dokumente und Einstellungen\philipp\Eigene Dateien\projekte\OpenCollab\include\plugins\function.paginate_prev.php --> o-dyn.de /opencollab/include/plugins function.paginate_prev.php
2007.10.22 18:07 B C:\Dokumente und Einstellungen\philipp\Eigene Dateien\projekte\OpenCollab\include\plugins\function.paginate_next.php --> o-dyn.de /opencollab/include/plugins function.paginate_next.php
2007.10.22 18:08 B C:\Dokumente und Einstellungen\philipp\Eigene Dateien\projekte\OpenCollab\include\plugins\function.paginate_middle.php --> o-dyn.de /opencollab/include/plugins function.paginate_middle.php
2007.10.22 18:16 B C:\Dokumente und Einstellungen\philipp\Eigene Dateien\projekte\OpenCollab\include\plugins\function.paginate_prev.php --> o-dyn.de /opencollab/include/plugins function.paginate_prev.php
2007.10.22 18:17 B C:\Dokumente und Einstellungen\philipp\Eigene Dateien\projekte\OpenCollab\include\plugins\function.paginate_prev.php --> o-dyn.de /opencollab/include/plugins function.paginate_prev.php
2007.10.22 18:17 B C:\Dokumente und Einstellungen\philipp\Eigene Dateien\projekte\OpenCollab\include\plugins\function.paginate_prev.php --> o-dyn.de /opencollab/include/plugins function.paginate_prev.php
2007.10.22 18:19 B C:\Dokumente und Einstellungen\philipp\Eigene Dateien\projekte\OpenCollab\include\plugins\function.paginate_prev.php --> o-dyn.de /opencollab/include/plugins function.paginate_prev.php
2007.10.22 18:20 B C:\Dokumente und Einstellungen\philipp\Eigene Dateien\projekte\OpenCollab\include\plugins\function.paginate_prev.php --> o-dyn.de /opencollab/include/plugins function.paginate_prev.php
2007.10.22 18:20 B C:\Dokumente und Einstellungen\philipp\Eigene Dateien\projekte\OpenCollab\include\plugins\function.paginate_prev.php --> o-dyn.de /opencollab/include/plugins function.paginate_prev.php
2007.10.22 18:21 B C:\Dokumente und Einstellungen\philipp\Eigene Dateien\projekte\OpenCollab\include\plugins\function.paginate_prev.php --> o-dyn.de /opencollab/include/plugins function.paginate_prev.php
2007.10.22 18:22 B C:\Dokumente und Einstellungen\philipp\Eigene Dateien\projekte\OpenCollab\include\plugins\function.paginate_prev.php --> o-dyn.de /opencollab/include/plugins function.paginate_prev.php
2007.10.22 18:22 B C:\Dokumente und Einstellungen\philipp\Eigene Dateien\projekte\OpenCollab\include\plugins\function.paginate_prev.php --> o-dyn.de /opencollab/include/plugins function.paginate_prev.php
2007.10.22 18:22 B C:\Dokumente und Einstellungen\philipp\Eigene Dateien\projekte\OpenCollab\include\plugins\function.paginate_next.php --> o-dyn.de /opencollab/include/plugins function.paginate_next.php
2007.10.22 18:22 B C:\Dokumente und Einstellungen\philipp\Eigene Dateien\projekte\OpenCollab\include\plugins\function.paginate_middle.php --> o-dyn.de /opencollab/include/plugins function.paginate_middle.php
2007.10.22 18:22 B C:\Dokumente und Einstellungen\philipp\Eigene Dateien\projekte\OpenCollab\include\plugins\function.paginate_last.php --> o-dyn.de /opencollab/include/plugins function.paginate_last.php
2007.10.22 18:22 B C:\Dokumente und Einstellungen\philipp\Eigene Dateien\projekte\OpenCollab\include\plugins\function.paginate_first.php --> o-dyn.de /opencollab/include/plugins function.paginate_first.php
2007.10.22 18:24 B C:\Dokumente und Einstellungen\philipp\Eigene Dateien\projekte\OpenCollab\include\plugins\function.paginate_first.php --> o-dyn.de /opencollab/include/plugins function.paginate_first.php
2007.11.06 17:29 B C:\Dokumente und Einstellungen\philipp\Eigene Dateien\projekte\OpenCollab\include\plugins\function.paginate_first.php --> o-dyn.de /websteam/include/plugins function.paginate_first.php
2007.11.06 17:29 B C:\Dokumente und Einstellungen\philipp\Eigene Dateien\projekte\OpenCollab\include\plugins\function.paginate_prev.php --> o-dyn.de /websteam/include/plugins function.paginate_prev.php
2007.11.06 17:29 B C:\Dokumente und Einstellungen\philipp\Eigene Dateien\projekte\OpenCollab\include\plugins\function.paginate_next.php --> o-dyn.de /websteam/include/plugins function.paginate_next.php
2007.11.06 17:29 B C:\Dokumente und Einstellungen\philipp\Eigene Dateien\projekte\OpenCollab\include\plugins\function.paginate_middle.php --> o-dyn.de /websteam/include/plugins function.paginate_middle.php
2007.11.06 17:29 B C:\Dokumente und Einstellungen\philipp\Eigene Dateien\projekte\OpenCollab\include\plugins\function.paginate_last.php --> o-dyn.de /websteam/include/plugins function.paginate_last.php
2007.11.28 23:48 B C:\Dokumente und Einstellungen\philipp\Eigene Dateien\projekte\OpenCollab\include\plugins\function.paginate_middle.php --> o-dyn.de /opencollab/include/plugins function.paginate_middle.php
2007.11.28 23:49 B C:\Dokumente und Einstellungen\philipp\Eigene Dateien\projekte\OpenCollab\include\plugins\function.paginate_middle.php --> o-dyn.de /opencollab/include/plugins function.paginate_middle.php
2007.12.12 23:13 B C:\Dokumente und Einstellungen\philipp\Eigene Dateien\projekte\OpenCollab\include\plugins\function.paginate_middle.php --> o-dyn.de /opencollab/include/plugins function.paginate_middle.php
2007.12.12 23:13 B C:\Dokumente und Einstellungen\philipp\Eigene Dateien\projekte\OpenCollab\include\plugins\function.paginate_first.php --> o-dyn.de /opencollab/include/plugins function.paginate_first.php
2007.12.12 23:13 B C:\Dokumente und Einstellungen\philipp\Eigene Dateien\projekte\OpenCollab\include\plugins\function.paginate_prev.php --> o-dyn.de /opencollab/include/plugins function.paginate_prev.php
2007.12.12 23:13 B C:\Dokumente und Einstellungen\philipp\Eigene Dateien\projekte\OpenCollab\include\plugins\function.paginate_next.php --> o-dyn.de /opencollab/include/plugins function.paginate_next.php
2007.12.12 23:13 B C:\Dokumente und Einstellungen\philipp\Eigene Dateien\projekte\OpenCollab\include\plugins\function.paginate_last.php --> o-dyn.de /opencollab/include/plugins function.paginate_last.php
2007.12.12 23:14 B C:\Dokumente und Einstellungen\philipp\Eigene Dateien\projekte\OpenCollab\include\plugins\function.paginate_middle.php --> o-dyn.de /opencollab/include/plugins function.paginate_middle.php
2007.12.12 23:14 B C:\Dokumente und Einstellungen\philipp\Eigene Dateien\projekte\OpenCollab\include\plugins\function.paginate_first.php --> o-dyn.de /opencollab/include/plugins function.paginate_first.php
2007.12.12 23:14 B C:\Dokumente und Einstellungen\philipp\Eigene Dateien\projekte\OpenCollab\include\plugins\function.paginate_prev.php --> o-dyn.de /opencollab/include/plugins function.paginate_prev.php
2007.12.12 23:14 B C:\Dokumente und Einstellungen\philipp\Eigene Dateien\projekte\OpenCollab\include\plugins\function.paginate_next.php --> o-dyn.de /opencollab/include/plugins function.paginate_next.php
2007.12.12 23:14 B C:\Dokumente und Einstellungen\philipp\Eigene Dateien\projekte\OpenCollab\include\plugins\function.paginate_last.php --> o-dyn.de /opencollab/include/plugins function.paginate_last.php
2007.12.12 23:16 B C:\Dokumente und Einstellungen\philipp\Eigene Dateien\projekte\OpenCollab\include\plugins\function.paginate_prev.php --> o-dyn.de /opencollab/include/plugins function.paginate_prev.php
2007.12.12 23:16 B C:\Dokumente und Einstellungen\philipp\Eigene Dateien\projekte\OpenCollab\include\plugins\function.paginate_next.php --> o-dyn.de /opencollab/include/plugins function.paginate_next.php
2007.12.12 23:16 B C:\Dokumente und Einstellungen\philipp\Eigene Dateien\projekte\OpenCollab\include\plugins\function.paginate_last.php --> o-dyn.de /opencollab/include/plugins function.paginate_last.php
2007.12.12 23:16 B C:\Dokumente und Einstellungen\philipp\Eigene Dateien\projekte\OpenCollab\include\plugins\function.paginate_first.php --> o-dyn.de /opencollab/include/plugins function.paginate_first.php
2007.12.12 23:32 B C:\Dokumente und Einstellungen\philipp\Eigene Dateien\projekte\OpenCollab\include\plugins\function.paginate_last.php --> o-dyn.de /opencollab/include/plugins function.paginate_last.php
2007.12.12 23:33 B C:\Dokumente und Einstellungen\philipp\Eigene Dateien\projekte\OpenCollab\include\plugins\function.paginate_first.php --> o-dyn.de /opencollab/include/plugins function.paginate_first.php
2007.12.12 23:34 B C:\Dokumente und Einstellungen\philipp\Eigene Dateien\projekte\OpenCollab\include\plugins\function.paginate_prev.php --> o-dyn.de /opencollab/include/plugins function.paginate_prev.php
2007.12.12 23:34 B C:\Dokumente und Einstellungen\philipp\Eigene Dateien\projekte\OpenCollab\include\plugins\function.paginate_next.php --> o-dyn.de /opencollab/include/plugins function.paginate_next.php
2007.12.12 23:34 B C:\Dokumente und Einstellungen\philipp\Eigene Dateien\projekte\OpenCollab\include\plugins\function.paginate_prev.php --> o-dyn.de /opencollab/include/plugins function.paginate_prev.php
2007.12.12 23:34 B C:\Dokumente und Einstellungen\philipp\Eigene Dateien\projekte\OpenCollab\include\plugins\function.paginate_next.php --> o-dyn.de /opencollab/include/plugins function.paginate_next.php
2007.12.12 23:34 B C:\Dokumente und Einstellungen\philipp\Eigene Dateien\projekte\OpenCollab\include\plugins\function.paginate_last.php --> o-dyn.de /opencollab/include/plugins function.paginate_last.php
2007.12.12 23:34 B C:\Dokumente und Einstellungen\philipp\Eigene Dateien\projekte\OpenCollab\include\plugins\function.paginate_first.php --> o-dyn.de /opencollab/include/plugins function.paginate_first.php
