2009.02.03 19:34 B C:\Dokumente und Einstellungen\philipp\Eigene Dateien\Projekte\collabtive\trunk\include\class.user.php --> collabtive.o-dyn.de /projekte/include class.user.php
2009.02.03 19:35 B C:\Dokumente und Einstellungen\philipp\Eigene Dateien\Projekte\collabtive\trunk\include\class.roles.php --> collabtive.o-dyn.de /projekte/include class.roles.php
2009.02.10 01:20 B C:\Dokumente und Einstellungen\philipp\Eigene Dateien\Projekte\collabtive\trunk\include\class.roles.php --> collabtive.o-dyn.de /projekte/include class.roles.php
2009.02.10 01:21 B C:\Dokumente und Einstellungen\philipp\Eigene Dateien\Projekte\collabtive\trunk\include\class.roles.php --> collabtive.o-dyn.de /projekte/include class.roles.php
2009.02.10 01:21 B C:\Dokumente und Einstellungen\philipp\Eigene Dateien\Projekte\collabtive\trunk\include\class.roles.php --> collabtive.o-dyn.de /projekte/include class.roles.php
2009.02.10 01:22 B C:\Dokumente und Einstellungen\philipp\Eigene Dateien\Projekte\collabtive\trunk\include\class.roles.php --> collabtive.o-dyn.de /projekte/include class.roles.php
2009.02.10 01:22 B C:\Dokumente und Einstellungen\philipp\Eigene Dateien\Projekte\collabtive\trunk\include\class.roles.php --> collabtive.o-dyn.de /projekte/include class.roles.php
2009.02.10 01:23 B C:\Dokumente und Einstellungen\philipp\Eigene Dateien\Projekte\collabtive\trunk\include\class.roles.php --> collabtive.o-dyn.de /projekte/include class.roles.php
2009.02.10 01:23 B C:\Dokumente und Einstellungen\philipp\Eigene Dateien\Projekte\collabtive\trunk\include\class.roles.php --> collabtive.o-dyn.de /projekte/include class.roles.php
2009.02.10 01:24 B C:\Dokumente und Einstellungen\philipp\Eigene Dateien\Projekte\collabtive\trunk\include\class.roles.php --> collabtive.o-dyn.de /projekte/include class.roles.php
2009.02.10 02:26 B C:\Dokumente und Einstellungen\philipp\Eigene Dateien\Projekte\collabtive\trunk\include\class.message.php --> collabtive.o-dyn.de /projekte/include class.message.php
2009.02.10 02:29 B C:\Dokumente und Einstellungen\philipp\Eigene Dateien\Projekte\collabtive\trunk\include\class.message.php --> collabtive.o-dyn.de /projekte/include class.message.php
2009.02.10 02:33 B C:\Dokumente und Einstellungen\philipp\Eigene Dateien\Projekte\collabtive\trunk\include\class.message.php --> collabtive.o-dyn.de /projekte/include class.message.php
2009.02.10 02:34 B C:\Dokumente und Einstellungen\philipp\Eigene Dateien\Projekte\collabtive\trunk\include\class.datei.php --> collabtive.o-dyn.de /projekte/include class.datei.php
2009.02.10 03:05 B C:\Dokumente und Einstellungen\philipp\Eigene Dateien\Projekte\collabtive\trunk\include\class.roles.php --> collabtive.o-dyn.de /projekte/include class.roles.php
2009.02.10 03:07 B C:\Dokumente und Einstellungen\philipp\Eigene Dateien\Projekte\collabtive\trunk\include\class.roles.php --> collabtive.o-dyn.de /projekte/include class.roles.php
2009.02.10 03:08 B C:\Dokumente und Einstellungen\philipp\Eigene Dateien\Projekte\collabtive\trunk\include\WS_FTP.LOG --> collabtive.o-dyn.de /projekte/include WS_FTP.LOG
2009.02.10 03:08 B C:\Dokumente und Einstellungen\philipp\Eigene Dateien\Projekte\collabtive\trunk\include\class.roles.php --> collabtive.o-dyn.de /projekte/include class.roles.php
2009.02.10 03:09 B C:\Dokumente und Einstellungen\philipp\Eigene Dateien\Projekte\collabtive\trunk\include\class.roles.php --> collabtive.o-dyn.de /projekte/include class.roles.php
2009.02.10 03:09 B C:\Dokumente und Einstellungen\philipp\Eigene Dateien\Projekte\collabtive\trunk\include\class.roles.php --> collabtive.o-dyn.de /projekte/include class.roles.php
2009.02.10 03:10 B C:\Dokumente und Einstellungen\philipp\Eigene Dateien\Projekte\collabtive\trunk\include\class.roles.php --> collabtive.o-dyn.de /projekte/include class.roles.php
2009.02.10 03:11 B C:\Dokumente und Einstellungen\philipp\Eigene Dateien\Projekte\collabtive\trunk\include\class.roles.php --> collabtive.o-dyn.de /projekte/include class.roles.php
2009.02.10 03:12 B C:\Dokumente und Einstellungen\philipp\Eigene Dateien\Projekte\collabtive\trunk\include\class.user.php --> collabtive.o-dyn.de /projekte/include class.user.php
2009.02.10 22:26 B C:\Dokumente und Einstellungen\philipp\Eigene Dateien\Projekte\collabtive\trunk\include\class.roles.php --> collabtive.o-dyn.de /projekte/include class.roles.php
2009.02.11 00:04 B C:\Dokumente und Einstellungen\philipp\Eigene Dateien\Projekte\collabtive\trunk\include\class.roles.php --> collabtive.o-dyn.de /projekte/include class.roles.php
2009.02.11 00:04 B C:\Dokumente und Einstellungen\philipp\Eigene Dateien\Projekte\collabtive\trunk\include\class.roles.php --> collabtive.o-dyn.de /projekte/include class.roles.php
2009.02.11 00:06 B C:\Dokumente und Einstellungen\philipp\Eigene Dateien\Projekte\collabtive\trunk\include\class.roles.php --> collabtive.o-dyn.de /projekte/include class.roles.php
2009.02.11 00:24 B C:\Dokumente und Einstellungen\philipp\Eigene Dateien\Projekte\collabtive\trunk\include\class.roles.php --> collabtive.o-dyn.de /projekte/include class.roles.php
2009.02.11 00:55 B C:\Dokumente und Einstellungen\philipp\Eigene Dateien\Projekte\collabtive\trunk\include\class.user.php --> collabtive.o-dyn.de /projekte/include class.user.php
2009.02.11 01:09 B C:\Dokumente und Einstellungen\philipp\Eigene Dateien\Projekte\collabtive\trunk\include\class.roles.php --> collabtive.o-dyn.de /projekte/include class.roles.php
2009.02.11 18:33 B C:\Dokumente und Einstellungen\philipp\Eigene Dateien\Projekte\collabtive\trunk\include\class.roles.php --> collabtive.o-dyn.de /projekte/include class.roles.php
2009.02.11 18:34 B C:\Dokumente und Einstellungen\philipp\Eigene Dateien\Projekte\collabtive\trunk\include\class.roles.php --> collabtive.o-dyn.de /projekte/include class.roles.php
2009.02.11 18:40 B C:\Dokumente und Einstellungen\philipp\Eigene Dateien\Projekte\collabtive\trunk\include\class.roles.php --> collabtive.o-dyn.de /projekte/include class.roles.php
2009.02.11 18:42 B C:\Dokumente und Einstellungen\philipp\Eigene Dateien\Projekte\collabtive\trunk\include\class.roles.php --> collabtive.o-dyn.de /projekte/include class.roles.php
2009.02.12 01:46 B C:\Dokumente und Einstellungen\philipp\Eigene Dateien\Projekte\collabtive\trunk\include\class.Smarty.php --> collabtive.o-dyn.de /projekte/include class.Smarty.php
2009.02.12 01:46 B C:\Dokumente und Einstellungen\philipp\Eigene Dateien\Projekte\collabtive\trunk\include\class.roles.php --> collabtive.o-dyn.de /projekte/include class.roles.php
2009.02.12 01:46 B C:\Dokumente und Einstellungen\philipp\Eigene Dateien\Projekte\collabtive\trunk\include\class.Smarty.php --> collabtive.o-dyn.de /projekte/include class.Smarty.php
2009.02.12 01:48 B C:\Dokumente und Einstellungen\philipp\Eigene Dateien\Projekte\collabtive\trunk\include\class.Smarty.php --> collabtive.o-dyn.de /projekte/include class.Smarty.php
2009.02.12 01:49 B C:\Dokumente und Einstellungen\philipp\Eigene Dateien\Projekte\collabtive\trunk\include\class.Smarty.php --> collabtive.o-dyn.de /projekte/include class.Smarty.php
2009.02.16 18:18 A C:\Dokumente und Einstellungen\philipp\Eigene Dateien\Projekte\collabtive\trunk\include\class.user.php --> collabtive.o-dyn.de /projekte/include class.user.php
2009.02.16 18:23 A C:\Dokumente und Einstellungen\philipp\Eigene Dateien\Projekte\collabtive\trunk\include\class.user.php --> collabtive.o-dyn.de /projekte/include class.user.php
2009.02.16 18:25 A C:\Dokumente und Einstellungen\philipp\Eigene Dateien\Projekte\collabtive\trunk\include\class.user.php --> collabtive.o-dyn.de /projekte/include class.user.php
2009.02.17 13:47 B C:\Dokumente und Einstellungen\philipp\Eigene Dateien\Projekte\collabtive\trunk\include\class.importer.php --> collabtive.o-dyn.de /projekte/include class.importer.php
2009.02.17 13:51 B C:\Dokumente und Einstellungen\philipp\Eigene Dateien\Projekte\collabtive\trunk\include\class.importer.php --> collabtive.o-dyn.de /projekte/include class.importer.php
2009.02.17 13:52 B C:\Dokumente und Einstellungen\philipp\Eigene Dateien\Projekte\collabtive\trunk\include\class.importer.php --> collabtive.o-dyn.de /projekte/include class.importer.php
2009.02.17 13:53 B C:\Dokumente und Einstellungen\philipp\Eigene Dateien\Projekte\collabtive\trunk\include\class.importer.php --> collabtive.o-dyn.de /projekte/include class.importer.php
2009.02.17 13:55 B C:\Dokumente und Einstellungen\philipp\Eigene Dateien\Projekte\collabtive\trunk\include\class.importer.php --> collabtive.o-dyn.de /projekte/include class.importer.php
2009.03.01 23:00 B C:\Dokumente und Einstellungen\philipp\Eigene Dateien\Projekte\collabtive\trunk\include\class.user.php --> collabtive.o-dyn.de /projekte/include class.user.php
2009.03.01 23:01 B C:\Dokumente und Einstellungen\philipp\Eigene Dateien\Projekte\collabtive\trunk\include\class.user.php --> collabtive.o-dyn.de /projekte/include class.user.php
2009.03.02 19:03 B C:\Dokumente und Einstellungen\philipp\Eigene Dateien\Projekte\collabtive\trunk\include\class.user.php --> collabtive.o-dyn.de /projekte/include class.user.php
2009.03.02 19:03 B C:\Dokumente und Einstellungen\philipp\Eigene Dateien\Projekte\collabtive\trunk\include\class.toXml.php --> collabtive.o-dyn.de /projekte/include class.toXml.php
2009.03.02 19:43 B C:\Dokumente und Einstellungen\philipp\Eigene Dateien\Projekte\collabtive\trunk\include\class.importer.php --> collabtive.o-dyn.de /projekte/include class.importer.php
2009.03.02 19:48 B C:\Dokumente und Einstellungen\philipp\Eigene Dateien\Projekte\collabtive\trunk\include\class.importer.php --> collabtive.o-dyn.de /projekte/include class.importer.php
2009.03.02 19:49 B C:\Dokumente und Einstellungen\philipp\Eigene Dateien\Projekte\collabtive\trunk\include\class.importer.php --> collabtive.o-dyn.de /projekte/include class.importer.php
2009.03.02 20:04 B C:\Dokumente und Einstellungen\philipp\Eigene Dateien\Projekte\collabtive\trunk\include\class.project.php --> collabtive.o-dyn.de /projekte/include class.project.php
2009.03.02 22:35 B C:\Dokumente und Einstellungen\philipp\Eigene Dateien\Projekte\collabtive\trunk\include\class.timetracker.php --> collabtive.o-dyn.de /projekte/include class.timetracker.php
2009.03.02 22:35 B C:\Dokumente und Einstellungen\philipp\Eigene Dateien\Projekte\collabtive\trunk\include\class.timetracker.php --> collabtive.o-dyn.de /projekte/include class.timetracker.php
2009.03.12 16:43 B C:\Dokumente und Einstellungen\philipp\Eigene Dateien\Projekte\collabtive\trunk\include\class.roles.php --> collabtive.o-dyn.de /projekte/include class.roles.php
2009.03.17 10:07 B C:\Dokumente und Einstellungen\philipp\Eigene Dateien\Projekte\collabtive\trunk\include\class.importer.php --> collabtive.o-dyn.de /projekte/include class.importer.php
2009.03.17 11:44 B C:\Dokumente und Einstellungen\philipp\Eigene Dateien\Projekte\collabtive\trunk\include\class.settings.php --> collabtive.o-dyn.de /projekte/include class.settings.php
2009.03.17 11:44 B C:\Dokumente und Einstellungen\philipp\Eigene Dateien\Projekte\collabtive\trunk\include\class.importer.php --> collabtive.o-dyn.de /projekte/include class.importer.php
2009.03.17 11:45 B C:\Dokumente und Einstellungen\philipp\Eigene Dateien\Projekte\collabtive\trunk\include\class.settings.php --> collabtive.o-dyn.de /projekte/include class.settings.php
2009.03.17 11:54 B C:\Dokumente und Einstellungen\philipp\Eigene Dateien\Projekte\collabtive\trunk\include\class.importer.php --> collabtive.o-dyn.de /projekte/include class.importer.php
2009.03.31 18:39 B C:\Dokumente und Einstellungen\philipp\Eigene Dateien\Projekte\collabtive\trunk\include\class.roles.php --> collabtive.o-dyn.de /projekte/include class.roles.php
2009.03.31 18:39 B C:\Dokumente und Einstellungen\philipp\Eigene Dateien\Projekte\collabtive\trunk\include\class.settings.php --> collabtive.o-dyn.de /projekte/include class.settings.php
2009.04.05 22:52 B C:\Dokumente und Einstellungen\philipp\Eigene Dateien\Projekte\collabtive\trunk\include\class.toXml.php --> collabtive.o-dyn.de /projekte/include class.toXml.php
2009.04.05 22:52 B C:\Dokumente und Einstellungen\philipp\Eigene Dateien\Projekte\collabtive\trunk\include\class.toXml.php --> collabtive.o-dyn.de /projekte/include class.toXml.php
2009.04.08 23:32 B C:\Dokumente und Einstellungen\philipp\Eigene Dateien\Projekte\collabtive\trunk\include\class.calendar.php --> collabtive.o-dyn.de /projekte/include class.calendar.php
2009.04.08 23:33 B C:\Dokumente und Einstellungen\philipp\Eigene Dateien\Projekte\collabtive\trunk\include\class.calendar.php --> collabtive.o-dyn.de /projekte/include class.calendar.php
2009.04.08 23:35 B C:\Dokumente und Einstellungen\philipp\Eigene Dateien\Projekte\collabtive\trunk\include\class.calendar.php --> collabtive.o-dyn.de /projekte/include class.calendar.php
2009.04.13 17:17 B C:\Dokumente und Einstellungen\philipp\Eigene Dateien\Projekte\collabtive\trunk\include\class.TCPDF.php --> collabtive.o-dyn.de /projekte/include class.TCPDF.php
2009.04.13 17:17 B C:\Dokumente und Einstellungen\philipp\Eigene Dateien\Projekte\collabtive\trunk\include\class.milestone.php --> collabtive.o-dyn.de /projekte/include class.milestone.php
2009.04.13 17:17 B C:\Dokumente und Einstellungen\philipp\Eigene Dateien\Projekte\collabtive\trunk\include\class.timetracker.php --> collabtive.o-dyn.de /projekte/include class.timetracker.php
2009.04.13 17:19 B C:\Dokumente und Einstellungen\philipp\Eigene Dateien\Projekte\collabtive\trunk\include\class.TCPDF.php --> collabtive.o-dyn.de /projekte/include class.TCPDF.php
2009.04.13 17:20 B C:\Dokumente und Einstellungen\philipp\Eigene Dateien\Projekte\collabtive\trunk\include\class.TCPDF.php --> collabtive.o-dyn.de /projekte/include class.TCPDF.php
2009.04.13 17:57 B C:\Dokumente und Einstellungen\philipp\Eigene Dateien\Projekte\collabtive\trunk\include\class.TCPDF.php --> collabtive.o-dyn.de /projekte/include class.TCPDF.php
2009.04.13 17:58 B C:\Dokumente und Einstellungen\philipp\Eigene Dateien\Projekte\collabtive\trunk\include\class.TCPDF.php --> collabtive.o-dyn.de /projekte/include class.TCPDF.php
2009.04.13 17:59 B C:\Dokumente und Einstellungen\philipp\Eigene Dateien\Projekte\collabtive\trunk\include\class.TCPDF.php --> collabtive.o-dyn.de /projekte/include class.TCPDF.php
2009.04.13 18:00 B C:\Dokumente und Einstellungen\philipp\Eigene Dateien\Projekte\collabtive\trunk\include\class.TCPDF.php --> collabtive.o-dyn.de /projekte/include class.TCPDF.php
2009.04.13 19:00 B C:\Dokumente und Einstellungen\philipp\Eigene Dateien\Projekte\collabtive\trunk\include\class.roles.php --> collabtive.o-dyn.de /projekte/include class.roles.php
2009.04.13 19:09 B C:\Dokumente und Einstellungen\philipp\Eigene Dateien\Projekte\collabtive\trunk\include\class.roles.php --> collabtive.o-dyn.de /projekte/include class.roles.php
2009.04.13 23:15 B C:\Dokumente und Einstellungen\philipp\Eigene Dateien\Projekte\collabtive\trunk\include\class.task.php --> ftp.playselectbaseball.com /projects/include class.task.php
2009.04.20 16:12 B C:\Dokumente und Einstellungen\philipp\Eigene Dateien\Projekte\collabtive\trunk\include\class.roles.php --> collabtive.o-dyn.de /projekte/include class.roles.php
2009.04.20 18:18 B C:\Dokumente und Einstellungen\philipp\Eigene Dateien\Projekte\collabtive\trunk\include\class.project.php --> collabtive.o-dyn.de /projekte/include class.project.php
2009.04.20 18:18 B C:\Dokumente und Einstellungen\philipp\Eigene Dateien\Projekte\collabtive\trunk\include\class.project.php --> collabtive.o-dyn.de /projekte/include class.project.php
2009.04.22 14:48 B C:\Dokumente und Einstellungen\philipp\Eigene Dateien\Projekte\collabtive\trunk\include\class.user.php --> collabtive.o-dyn.de /projekte/include class.user.php
2009.04.22 14:48 B C:\Dokumente und Einstellungen\philipp\Eigene Dateien\Projekte\collabtive\trunk\include\class.milestone.php --> collabtive.o-dyn.de /projekte/include class.milestone.php
2009.04.22 14:48 B C:\Dokumente und Einstellungen\philipp\Eigene Dateien\Projekte\collabtive\trunk\include\class.project.php --> collabtive.o-dyn.de /projekte/include class.project.php
2009.04.22 14:49 B C:\Dokumente und Einstellungen\philipp\Eigene Dateien\Projekte\collabtive\trunk\include\class.user.php --> collabtive.o-dyn.de /projekte/include class.user.php
2009.04.23 01:01 B C:\Dokumente und Einstellungen\philipp\Eigene Dateien\Projekte\collabtive\trunk\include\class.task.php --> collabtive.o-dyn.de /projekte/include class.task.php
2009.04.23 01:04 B C:\Dokumente und Einstellungen\philipp\Eigene Dateien\Projekte\collabtive\trunk\include\class.task.php --> collabtive.o-dyn.de /projekte/include class.task.php
2009.04.23 01:04 B C:\Dokumente und Einstellungen\philipp\Eigene Dateien\Projekte\collabtive\trunk\include\class.task.php --> collabtive.o-dyn.de /projekte/include class.task.php
2009.04.23 01:05 B C:\Dokumente und Einstellungen\philipp\Eigene Dateien\Projekte\collabtive\trunk\include\class.task.php --> collabtive.o-dyn.de /projekte/include class.task.php
2009.04.23 01:05 B C:\Dokumente und Einstellungen\philipp\Eigene Dateien\Projekte\collabtive\trunk\include\class.task.php --> collabtive.o-dyn.de /projekte/include class.task.php
2009.04.23 01:06 B C:\Dokumente und Einstellungen\philipp\Eigene Dateien\Projekte\collabtive\trunk\include\class.task.php --> collabtive.o-dyn.de /projekte/include class.task.php
2009.04.23 01:06 B C:\Dokumente und Einstellungen\philipp\Eigene Dateien\Projekte\collabtive\trunk\include\class.task.php --> collabtive.o-dyn.de /projekte/include class.task.php
2009.04.23 01:10 B C:\Dokumente und Einstellungen\philipp\Eigene Dateien\Projekte\collabtive\trunk\include\class.task.php --> collabtive.o-dyn.de /projekte/include class.task.php
2009.04.23 01:18 B C:\Dokumente und Einstellungen\philipp\Eigene Dateien\Projekte\collabtive\trunk\include\class.task.php --> collabtive.o-dyn.de /projekte/include class.task.php
