2007.09.09 21:06 B C:\Dokumente und Einstellungen\philipp\Eigene Dateien\projekte\OpenCollab\include\internals\core.assemble_plugin_filepath.php --> o-dyn.de /opencollab/include/internals core.assemble_plugin_filepath.php
2007.09.09 21:06 B C:\Dokumente und Einstellungen\philipp\Eigene Dateien\projekte\OpenCollab\include\internals\core.assign_smarty_interface.php --> o-dyn.de /opencollab/include/internals core.assign_smarty_interface.php
2007.09.09 21:06 B C:\Dokumente und Einstellungen\philipp\Eigene Dateien\projekte\OpenCollab\include\internals\core.create_dir_structure.php --> o-dyn.de /opencollab/include/internals core.create_dir_structure.php
2007.09.09 21:06 B C:\Dokumente und Einstellungen\philipp\Eigene Dateien\projekte\OpenCollab\include\internals\core.display_debug_console.php --> o-dyn.de /opencollab/include/internals core.display_debug_console.php
2007.09.09 21:06 B C:\Dokumente und Einstellungen\philipp\Eigene Dateien\projekte\OpenCollab\include\internals\core.get_include_path.php --> o-dyn.de /opencollab/include/internals core.get_include_path.php
2007.09.09 21:06 B C:\Dokumente und Einstellungen\philipp\Eigene Dateien\projekte\OpenCollab\include\internals\core.get_microtime.php --> o-dyn.de /opencollab/include/internals core.get_microtime.php
2007.09.09 21:06 B C:\Dokumente und Einstellungen\philipp\Eigene Dateien\projekte\OpenCollab\include\internals\core.get_php_resource.php --> o-dyn.de /opencollab/include/internals core.get_php_resource.php
2007.09.09 21:06 B C:\Dokumente und Einstellungen\philipp\Eigene Dateien\projekte\OpenCollab\include\internals\core.is_secure.php --> o-dyn.de /opencollab/include/internals core.is_secure.php
2007.09.09 21:06 B C:\Dokumente und Einstellungen\philipp\Eigene Dateien\projekte\OpenCollab\include\internals\core.is_trusted.php --> o-dyn.de /opencollab/include/internals core.is_trusted.php
2007.09.09 21:06 B C:\Dokumente und Einstellungen\philipp\Eigene Dateien\projekte\OpenCollab\include\internals\core.load_plugins.php --> o-dyn.de /opencollab/include/internals core.load_plugins.php
2007.09.09 21:06 B C:\Dokumente und Einstellungen\philipp\Eigene Dateien\projekte\OpenCollab\include\internals\core.load_resource_plugin.php --> o-dyn.de /opencollab/include/internals core.load_resource_plugin.php
2007.09.09 21:06 B C:\Dokumente und Einstellungen\philipp\Eigene Dateien\projekte\OpenCollab\include\internals\core.process_cached_inserts.php --> o-dyn.de /opencollab/include/internals core.process_cached_inserts.php
2007.09.09 21:06 B C:\Dokumente und Einstellungen\philipp\Eigene Dateien\projekte\OpenCollab\include\internals\core.process_compiled_include.php --> o-dyn.de /opencollab/include/internals core.process_compiled_include.php
2007.09.09 21:06 B C:\Dokumente und Einstellungen\philipp\Eigene Dateien\projekte\OpenCollab\include\internals\core.read_cache_file.php --> o-dyn.de /opencollab/include/internals core.read_cache_file.php
2007.09.09 21:06 B C:\Dokumente und Einstellungen\philipp\Eigene Dateien\projekte\OpenCollab\include\internals\core.rm_auto.php --> o-dyn.de /opencollab/include/internals core.rm_auto.php
2007.09.09 21:06 B C:\Dokumente und Einstellungen\philipp\Eigene Dateien\projekte\OpenCollab\include\internals\core.rmdir.php --> o-dyn.de /opencollab/include/internals core.rmdir.php
2007.09.09 21:06 B C:\Dokumente und Einstellungen\philipp\Eigene Dateien\projekte\OpenCollab\include\internals\core.run_insert_handler.php --> o-dyn.de /opencollab/include/internals core.run_insert_handler.php
2007.09.09 21:06 B C:\Dokumente und Einstellungen\philipp\Eigene Dateien\projekte\OpenCollab\include\internals\core.smarty_include_php.php --> o-dyn.de /opencollab/include/internals core.smarty_include_php.php
2007.09.09 21:06 B C:\Dokumente und Einstellungen\philipp\Eigene Dateien\projekte\OpenCollab\include\internals\core.write_cache_file.php --> o-dyn.de /opencollab/include/internals core.write_cache_file.php
2007.09.09 21:06 B C:\Dokumente und Einstellungen\philipp\Eigene Dateien\projekte\OpenCollab\include\internals\core.write_compiled_include.php --> o-dyn.de /opencollab/include/internals core.write_compiled_include.php
2007.09.09 21:06 B C:\Dokumente und Einstellungen\philipp\Eigene Dateien\projekte\OpenCollab\include\internals\core.write_compiled_resource.php --> o-dyn.de /opencollab/include/internals core.write_compiled_resource.php
2007.09.09 21:06 B C:\Dokumente und Einstellungen\philipp\Eigene Dateien\projekte\OpenCollab\include\internals\core.write_file.php --> o-dyn.de /opencollab/include/internals core.write_file.php
